<?xml version="1.0" encoding="utf-8"?>
<beans xmlns="http://www.springframework.org/schema/beans"
	xmlns:xsi="http://www.w3.org/2001/XMLSchema-instance"  
  xmlns:context="http://www.springframework.org/schema/context"
	xmlns:cache="http://www.yiji.com/schema/cache" xmlns:p="http://www.springframework.org/schema/p"
	xsi:schemaLocation="http://www.springframework.org/schema/beans http://www.springframework.org/schema/beans/spring-beans-3.0.xsd
		http://www.yiji.com/schema/cache http://static.yiji.com/schema/yjf-spring-cache-3.1.xsd
		http://www.springframework.org/schema/context http://www.springframework.org/schema/context/spring-context-3.0.xsd">
	
	<context:component-scan base-package="com.yjf.common.cache.test" />
	<context:annotation-config />
	<cache:annotation-driven
		webservice-result-optimize-enable="true" />
	<bean id="cacheManager" class="com.yjf.common.cache.memcache.MemcachedCacheManager"
		p:memcachedConfig-ref="memcachedConfig" />
	<bean id="memcachedConfig"
		class="com.yjf.common.cache.memcache.MemcachedConfigFactoryBean"
		p:config-location="classpath:cache/memcached.properties" />
</beans>
